<?xml version="1.0" encoding="UTF-8" ?>
<testsuite tests="12" failures="0" name="ComUtilTest" time="0.009" errors="0" skipped="0">
  <properties>
[...]
</properties>
  <testcase classname="ComUtilTest" name="leftPadZero" time="0"/>
  <testcase classname="ComUtilTest" name="testFor" time="0"/>
  <testcase classname="ComUtilTest" name="toLngTest" time="0"/>
  <testcase classname="ComUtilTest" name="leftPadZeroTest" time="0"/>
  <testcase classname="ComUtilTest" name="isEmptyTest" time="0"/>
  <testcase classname="ComUtilTest" name="isAlphaNumTest" time="0"/>
  <testcase classname="ComUtilTest" name="convertJc2AdTest" time="0.009"/>
  <testcase classname="ComUtilTest" name="toIntTest" time="0"/>
  <testcase classname="ComUtilTest" name="convertEmptyToNullTest" time="0"/>
  <testcase classname="ComUtilTest" name="compareBiggerTest" time="0"/>
  <testcase classname="ComUtilTest" name="isNumberTest" time="0"/>
  <testcase classname="ComUtilTest" name="compareSmallerTest" time="0"/>
</testsuite>